-------------------------------------------------------------------------------
Test set: com.currency.conversion.factor.microservice.currencyconversionfactormicroservice.CurrencyConversionFactorMicroserviceApplicationTests
-------------------------------------------------------------------------------
Tests run: 1, Failures: 0, Errors: 0, Skipped: 0, Time elapsed: 36.004 s - in com.currency.conversion.factor.microservice.currencyconversionfactormicroservice.CurrencyConversionFactorMicroserviceApplicationTests
